[debug] [2025-05-04T18:20:57.089Z] ----------------------------------------------------------------------
[debug] [2025-05-04T18:20:57.094Z] Command:       C:\Program Files\nodejs\node.exe C:\Users\Ziemion\AppData\Roaming\npm\node_modules\firebase-tools\lib\bin\firebase.js init
[debug] [2025-05-04T18:20:57.095Z] CLI Version:   14.2.2
[debug] [2025-05-04T18:20:57.095Z] Platform:      win32
[debug] [2025-05-04T18:20:57.096Z] Node Version:  v22.15.0
[debug] [2025-05-04T18:20:57.096Z] Time:          Mon May 05 2025 00:05:57 GMT+0545 (Nepal Time)
[debug] [2025-05-04T18:20:57.097Z] ----------------------------------------------------------------------
[debug] 
[debug] [2025-05-04T18:20:57.520Z] > command requires scopes: ["email","openid","https://www.googleapis.com/auth/cloudplatformprojects.readonly","https://www.googleapis.com/auth/firebase","https://www.googleapis.com/auth/cloud-platform"]
[debug] [2025-05-04T18:20:57.521Z] > authorizing via signed-in user (sadinkoju@gmail.com)
[info] 
     ######## #### ########  ######## ########     ###     ######  ########
     ##        ##  ##     ## ##       ##     ##  ##   ##  ##       ##
     ######    ##  ########  ######   ########  #########  ######  ######
     ##        ##  ##    ##  ##       ##     ## ##     ##       ## ##
     ##       #### ##     ## ######## ########  ##     ##  ######  ########

You're about to initialize a Firebase project in this directory:

  D:\FinNepal\FinNepal-ERP

Before we get started, keep in mind:

  * You are initializing within an existing Firebase project directory

[debug] [2025-05-04T18:21:22.418Z] ----------------------------------------------------------------------
[debug] [2025-05-04T18:21:22.424Z] Command:       C:\Program Files\nodejs\node.exe C:\Users\Ziemion\AppData\Roaming\npm\node_modules\firebase-tools\lib\bin\firebase.js init
[debug] [2025-05-04T18:21:22.425Z] CLI Version:   14.2.2
[debug] [2025-05-04T18:21:22.426Z] Platform:      win32
[debug] [2025-05-04T18:21:22.426Z] Node Version:  v22.15.0
[debug] [2025-05-04T18:21:22.427Z] Time:          Mon May 05 2025 00:06:22 GMT+0545 (Nepal Time)
[debug] [2025-05-04T18:21:22.427Z] ----------------------------------------------------------------------
[debug] 
[debug] [2025-05-04T18:21:23.119Z] > command requires scopes: ["email","openid","https://www.googleapis.com/auth/cloudplatformprojects.readonly","https://www.googleapis.com/auth/firebase","https://www.googleapis.com/auth/cloud-platform"]
[debug] [2025-05-04T18:21:23.121Z] > authorizing via signed-in user (sadinkoju@gmail.com)
[info] 
     ######## #### ########  ######## ########     ###     ######  ########
     ##        ##  ##     ## ##       ##     ##  ##   ##  ##       ##
     ######    ##  ########  ######   ########  #########  ######  ######
     ##        ##  ##    ##  ##       ##     ## ##     ##       ## ##
     ##       #### ##     ## ######## ########  ##     ##  ######  ########

You're about to initialize a Firebase project in this directory:

  D:\FinNepal\FinNepal-ERP

Before we get started, keep in mind:

  * You are initializing within an existing Firebase project directory

